[Tue Jan 28 10:33:00.738339 2020] [ssl:warn] [pid 16568:tid 660] AH01909: www.example.com:443:0 server certificate does NOT include an ID which matches the server name
[Tue Jan 28 10:33:00.798337 2020] [ssl:warn] [pid 16568:tid 660] AH01909: www.example.com:443:0 server certificate does NOT include an ID which matches the server name
PHP Warning:  Module 'openssl' already loaded in Unknown on line 0
[Tue Jan 28 10:33:01.200340 2020] [mpm_winnt:notice] [pid 16568:tid 660] AH00455: Apache/2.4.41 (Win64) OpenSSL/1.1.1c PHP/7.3.11 configured -- resuming normal operations
[Tue Jan 28 10:33:01.200340 2020] [mpm_winnt:notice] [pid 16568:tid 660] AH00456: Apache Lounge VC15 Server built: Aug 11 2019 12:20:04
[Tue Jan 28 10:33:01.200340 2020] [core:notice] [pid 16568:tid 660] AH00094: Command line: 'apache\\bin\\httpd.exe -d C:/hmis-moodle/server/apache'
[Tue Jan 28 10:33:01.207340 2020] [mpm_winnt:notice] [pid 16568:tid 660] AH00418: Parent: Created child process 9548
Apache server shutdown initiated...
sl:warn] [pid 9548:tid 624] AH01909: www.example.com:443:0 server certificate does NOT include an ID which matches the server name
[Tue Jan 28 10:33:02.177337 2020] [ssl:warn] [pid 9548:tid 624] AH01909: www.example.com:443:0 server certificate does NOT include an ID which matches the server name
PHP Warning:  Module 'openssl' already loaded in Unknown on line 0
[Tue Jan 28 10:33:02.199336 2020] [mpm_winnt:notice] [pid 9548:tid 624] AH00354: Child: Starting 150 worker threads.
[Tue Jan 28 10:33:21.993339 2020] [authz_core:error] [pid 9548:tid 1940] [client ::1:61223] AH01630: client denied by server configuration: C:/hmis-moodle/server/moodle/
[Tue Jan 28 10:33:22.071338 2020] [authz_core:error] [pid 9548:tid 1940] [client ::1:61223] AH01630: client denied by server configuration: C:/hmis-moodle/server/moodle/favicon.ico
[Tue Jan 28 10:33:34.487344 2020] [mpm_winnt:notice] [pid 16568:tid 660] AH00422: Parent: Received shutdown signal -- Shutting down the server.
[Tue Jan 28 10:33:36.489523 2020] [mpm_winnt:notice] [pid 9548:tid 624] AH00364: Child: All worker threads have exited.
[Tue Jan 28 10:33:36.514340 2020] [mpm_winnt:notice] [pid 16568:tid 660] AH00430: Parent: Child process 9548 exited successfully.
[Tue Jan 28 10:34:57.860337 2020] [ssl:warn] [pid 4024:tid 616] AH01909: www.example.com:443:0 server certificate does NOT include an ID which matches the server name
[Tue Jan 28 10:34:57.903337 2020] [ssl:warn] [pid 4024:tid 616] AH01909: www.example.com:443:0 server certificate does NOT include an ID which matches the server name
PHP Warning:  Module 'openssl' already loaded in Unknown on line 0
[Tue Jan 28 10:34:57.926339 2020] [mpm_winnt:notice] [pid 4024:tid 616] AH00455: Apache/2.4.41 (Win64) OpenSSL/1.1.1c PHP/7.3.11 configured -- resuming normal operations
[Tue Jan 28 10:34:57.926339 2020] [mpm_winnt:notice] [pid 4024:tid 616] AH00456: Apache Lounge VC15 Server built: Aug 11 2019 12:20:04
[Tue Jan 28 10:34:57.926339 2020] [core:notice] [pid 4024:tid 616] AH00094: Command line: 'c:\\hmis-moodle\\server\\apache\\bin\\httpd.exe -d C:/hmis-moodle/server/apache'
[Tue Jan 28 10:34:57.930340 2020] [mpm_winnt:notice] [pid 4024:tid 616] AH00418: Parent: Created child process 7128
[Tue Jan 28 10:34:58.850336 2020] [ssl:warn] [pid 7128:tid 668] AH01909: www.example.com:443:0 server certificate does NOT include an ID which matches the server name
[Tue Jan 28 10:34:58.885339 2020] [ssl:warn] [pid 7128:tid 668] AH01909: www.example.com:443:0 server certificate does NOT include an ID which matches the server name
PHP Warning:  Module 'openssl' already loaded in Unknown on line 0
[Tue Jan 28 10:34:58.907369 2020] [mpm_winnt:notice] [pid 7128:tid 668] AH00354: Child: Starting 150 worker threads.
[Tue Jan 28 10:35:01.654339 2020] [authz_core:error] [pid 7128:tid 1928] [client ::1:61372] AH01630: client denied by server configuration: C:/hmis-moodle/server/moodle/
[Tue Jan 28 10:35:04.955341 2020] [authz_core:error] [pid 7128:tid 1928] [client ::1:61372] AH01630: client denied by server configuration: C:/hmis-moodle/server/moodle/moodle
[Tue Jan 28 10:35:07.333337 2020] [authz_core:error] [pid 7128:tid 1928] [client ::1:61372] AH01630: client denied by server configuration: C:/hmis-moodle/server/moodle/moodle
[Tue Jan 28 10:35:40.881340 2020] [authz_core:error] [pid 7128:tid 1928] [client ::1:61424] AH01630: client denied by server configuration: C:/hmis-moodle/server/moodle/moodle
[Tue Jan 28 10:35:40.908338 2020] [authz_core:error] [pid 7128:tid 1928] [client ::1:61424] AH01630: client denied by server configuration: C:/hmis-moodle/server/moodle/favicon.ico
[Tue Jan 28 10:35:41.627337 2020] [authz_core:error] [pid 7128:tid 1928] [client ::1:61426] AH01630: client denied by server configuration: C:/hmis-moodle/server/moodle/moodle
[Tue Jan 28 10:35:41.807340 2020] [authz_core:error] [pid 7128:tid 1928] [client ::1:61426] AH01630: client denied by server configuration: C:/hmis-moodle/server/moodle/moodle
[Tue Jan 28 10:39:48.828657 2020] [ssl:warn] [pid 4724:tid 624] AH01909: www.example.com:443:0 server certificate does NOT include an ID which matches the server name
[Tue Jan 28 10:39:48.859655 2020] [core:warn] [pid 4724:tid 624] AH00098: pid file C:/hmis-moodle/server/apache/logs/httpd.pid overwritten -- Unclean shutdown of previous Apache run?
[Tue Jan 28 10:39:48.866658 2020] [ssl:warn] [pid 4724:tid 624] AH01909: www.example.com:443:0 server certificate does NOT include an ID which matches the server name
PHP Warning:  Module 'openssl' already loaded in Unknown on line 0
[Tue Jan 28 10:39:48.887658 2020] [mpm_winnt:notice] [pid 4724:tid 624] AH00455: Apache/2.4.41 (Win64) OpenSSL/1.1.1c PHP/7.3.11 configured -- resuming normal operations
[Tue Jan 28 10:39:48.887658 2020] [mpm_winnt:notice] [pid 4724:tid 624] AH00456: Apache Lounge VC15 Server built: Aug 11 2019 12:20:04
[Tue Jan 28 10:39:48.887658 2020] [core:notice] [pid 4724:tid 624] AH00094: Command line: 'apache\\bin\\httpd.exe -d C:/hmis-moodle/server/apache'
[Tue Jan 28 10:39:48.891656 2020] [mpm_winnt:notice] [pid 4724:tid 624] AH00418: Parent: Created child process 14148
[Tue Jan 28 10:39:49.733657 2020] [ssl:warn] [pid 14148:tid 636] AH01909: www.example.com:443:0 server certificate does NOT include an ID which matches the server name
[Tue Jan 28 10:39:49.766655 2020] [ssl:warn] [pid 14148:tid 636] AH01909: www.example.com:443:0 server certificate does NOT include an ID which matches the server name
PHP Warning:  Module 'openssl' already loaded in Unknown on line 0
[Tue Jan 28 10:39:49.790656 2020] [mpm_winnt:notice] [pid 14148:tid 636] AH00354: Child: Starting 150 worker threads.
[Tue Jan 28 10:40:29.351851 2020] [php7:warn] [pid 14148:tid 1952] [client 127.0.0.1:62214] PHP Warning:  mysqli::__construct(): (HY000/2002): No connection could be made because the target machine actively refused it.\r\n in C:\\hmis-moodle\\server\\moodle\\lib\\dml\\mysqli_native_moodle_database.php on line 79, referer: http://localhost/install.php
[Tue Jan 28 11:16:26.273657 2020] [ssl:warn] [pid 13624:tid 624] AH01909: www.example.com:443:0 server certificate does NOT include an ID which matches the server name
[Tue Jan 28 11:16:26.309657 2020] [core:warn] [pid 13624:tid 624] AH00098: pid file C:/hmis-moodle/server/apache/logs/httpd.pid overwritten -- Unclean shutdown of previous Apache run?
[Tue Jan 28 11:16:26.319655 2020] [ssl:warn] [pid 13624:tid 624] AH01909: www.example.com:443:0 server certificate does NOT include an ID which matches the server name
PHP Warning:  Module 'openssl' already loaded in Unknown on line 0
[Tue Jan 28 11:16:26.346658 2020] [mpm_winnt:notice] [pid 13624:tid 624] AH00455: Apache/2.4.41 (Win64) OpenSSL/1.1.1c PHP/7.3.11 configured -- resuming normal operations
[Tue Jan 28 11:16:26.346658 2020] [mpm_winnt:notice] [pid 13624:tid 624] AH00456: Apache Lounge VC15 Server built: Aug 11 2019 12:20:04
[Tue Jan 28 11:16:26.346658 2020] [core:notice] [pid 13624:tid 624] AH00094: Command line: 'c:\\hmis-moodle\\server\\apache\\bin\\httpd.exe -d C:/hmis-moodle/server/apache'
[Tue Jan 28 11:16:26.350658 2020] [mpm_winnt:notice] [pid 13624:tid 624] AH00418: Parent: Created child process 13868
[Tue Jan 28 11:16:27.336654 2020] [ssl:warn] [pid 13868:tid 640] AH01909: www.example.com:443:0 server certificate does NOT include an ID which matches the server name
[Tue Jan 28 11:16:27.372655 2020] [ssl:warn] [pid 13868:tid 640] AH01909: www.example.com:443:0 server certificate does NOT include an ID which matches the server name
PHP Warning:  Module 'openssl' already loaded in Unknown on line 0
[Tue Jan 28 11:16:27.394656 2020] [mpm_winnt:notice] [pid 13868:tid 640] AH00354: Child: Starting 150 worker threads.
[Tue Jan 28 11:53:15.141173 2020] [ssl:warn] [pid 4408:tid 680] AH01909: www.example.com:443:0 server certificate does NOT include an ID which matches the server name
[Tue Jan 28 11:53:15.177172 2020] [core:warn] [pid 4408:tid 680] AH00098: pid file C:/hmis-moodle/server/apache/logs/httpd.pid overwritten -- Unclean shutdown of previous Apache run?
[Tue Jan 28 11:53:15.182173 2020] [ssl:warn] [pid 4408:tid 680] AH01909: www.example.com:443:0 server certificate does NOT include an ID which matches the server name
PHP Warning:  Module 'openssl' already loaded in Unknown on line 0
[Tue Jan 28 11:53:15.209173 2020] [mpm_winnt:notice] [pid 4408:tid 680] AH00455: Apache/2.4.41 (Win64) OpenSSL/1.1.1c PHP/7.3.11 configured -- resuming normal operations
[Tue Jan 28 11:53:15.209173 2020] [mpm_winnt:notice] [pid 4408:tid 680] AH00456: Apache Lounge VC15 Server built: Aug 11 2019 12:20:04
[Tue Jan 28 11:53:15.209173 2020] [core:notice] [pid 4408:tid 680] AH00094: Command line: 'c:\\hmis-moodle\\server\\apache\\bin\\httpd.exe -d C:/hmis-moodle/server/apache'
[Tue Jan 28 11:53:15.213174 2020] [mpm_winnt:notice] [pid 4408:tid 680] AH00418: Parent: Created child process 13160
[Tue Jan 28 11:53:16.086173 2020] [ssl:warn] [pid 13160:tid 560] AH01909: www.example.com:443:0 server certificate does NOT include an ID which matches the server name
[Tue Jan 28 11:53:16.120172 2020] [ssl:warn] [pid 13160:tid 560] AH01909: www.example.com:443:0 server certificate does NOT include an ID which matches the server name
PHP Warning:  Module 'openssl' already loaded in Unknown on line 0
[Tue Jan 28 11:53:16.141173 2020] [mpm_winnt:notice] [pid 13160:tid 560] AH00354: Child: Starting 150 worker threads.
[Tue Jan 28 11:57:47.113985 2020] [ssl:warn] [pid 17892:tid 636] AH01909: www.example.com:443:0 server certificate does NOT include an ID which matches the server name
[Tue Jan 28 11:57:47.147986 2020] [core:warn] [pid 17892:tid 636] AH00098: pid file C:/hmis-moodle/server/apache/logs/httpd.pid overwritten -- Unclean shutdown of previous Apache run?
[Tue Jan 28 11:57:47.152987 2020] [ssl:warn] [pid 17892:tid 636] AH01909: www.example.com:443:0 server certificate does NOT include an ID which matches the server name
PHP Warning:  Module 'openssl' already loaded in Unknown on line 0
[Tue Jan 28 11:57:47.175986 2020] [mpm_winnt:notice] [pid 17892:tid 636] AH00455: Apache/2.4.41 (Win64) OpenSSL/1.1.1c PHP/7.3.11 configured -- resuming normal operations
[Tue Jan 28 11:57:47.175986 2020] [mpm_winnt:notice] [pid 17892:tid 636] AH00456: Apache Lounge VC15 Server built: Aug 11 2019 12:20:04
[Tue Jan 28 11:57:47.175986 2020] [core:notice] [pid 17892:tid 636] AH00094: Command line: 'c:\\hmis-moodle\\server\\apache\\bin\\httpd.exe -d C:/hmis-moodle/server/apache'
[Tue Jan 28 11:57:47.179988 2020] [mpm_winnt:notice] [pid 17892:tid 636] AH00418: Parent: Created child process 12244
[Tue Jan 28 11:57:48.046988 2020] [ssl:warn] [pid 12244:tid 536] AH01909: www.example.com:443:0 server certificate does NOT include an ID which matches the server name
[Tue Jan 28 11:57:48.081996 2020] [ssl:warn] [pid 12244:tid 536] AH01909: www.example.com:443:0 server certificate does NOT include an ID which matches the server name
PHP Warning:  Module 'openssl' already loaded in Unknown on line 0
[Tue Jan 28 11:57:48.106990 2020] [mpm_winnt:notice] [pid 12244:tid 536] AH00354: Child: Starting 150 worker threads.
[Tue Jan 28 12:02:16.610687 2020] [ssl:warn] [pid 17996:tid 632] AH01909: www.example.com:443:0 server certificate does NOT include an ID which matches the server name
[Tue Jan 28 12:02:16.647687 2020] [core:warn] [pid 17996:tid 632] AH00098: pid file C:/hmis-moodle/server/apache/logs/httpd.pid overwritten -- Unclean shutdown of previous Apache run?
[Tue Jan 28 12:02:16.655689 2020] [ssl:warn] [pid 17996:tid 632] AH01909: www.example.com:443:0 server certificate does NOT include an ID which matches the server name
PHP Warning:  Module 'openssl' already loaded in Unknown on line 0
[Tue Jan 28 12:02:16.686692 2020] [mpm_winnt:notice] [pid 17996:tid 632] AH00455: Apache/2.4.41 (Win64) OpenSSL/1.1.1c PHP/7.3.11 configured -- resuming normal operations
[Tue Jan 28 12:02:16.686692 2020] [mpm_winnt:notice] [pid 17996:tid 632] AH00456: Apache Lounge VC15 Server built: Aug 11 2019 12:20:04
[Tue Jan 28 12:02:16.686692 2020] [core:notice] [pid 17996:tid 632] AH00094: Command line: 'c:\\hmis-moodle\\server\\apache\\bin\\httpd.exe -d C:/hmis-moodle/server/apache'
[Tue Jan 28 12:02:16.692689 2020] [mpm_winnt:notice] [pid 17996:tid 632] AH00418: Parent: Created child process 17724
[Tue Jan 28 12:02:17.576687 2020] [ssl:warn] [pid 17724:tid 544] AH01909: www.example.com:443:0 server certificate does NOT include an ID which matches the server name
[Tue Jan 28 12:02:17.609687 2020] [ssl:warn] [pid 17724:tid 544] AH01909: www.example.com:443:0 server certificate does NOT include an ID which matches the server name
PHP Warning:  Module 'openssl' already loaded in Unknown on line 0
[Tue Jan 28 12:02:17.631687 2020] [mpm_winnt:notice] [pid 17724:tid 544] AH00354: Child: Starting 150 worker threads.
[Tue Jan 28 12:12:42.675000 2020] [ssl:warn] [pid 16636:tid 620] AH01909: www.example.com:443:0 server certificate does NOT include an ID which matches the server name
[Tue Jan 28 12:12:42.711002 2020] [core:warn] [pid 16636:tid 620] AH00098: pid file C:/hmis-moodle/server/apache/logs/httpd.pid overwritten -- Unclean shutdown of previous Apache run?
[Tue Jan 28 12:12:42.717001 2020] [ssl:warn] [pid 16636:tid 620] AH01909: www.example.com:443:0 server certificate does NOT include an ID which matches the server name
PHP Warning:  Module 'openssl' already loaded in Unknown on line 0
[Tue Jan 28 12:12:42.739003 2020] [mpm_winnt:notice] [pid 16636:tid 620] AH00455: Apache/2.4.41 (Win64) OpenSSL/1.1.1c PHP/7.3.11 configured -- resuming normal operations
[Tue Jan 28 12:12:42.739003 2020] [mpm_winnt:notice] [pid 16636:tid 620] AH00456: Apache Lounge VC15 Server built: Aug 11 2019 12:20:04
[Tue Jan 28 12:12:42.739003 2020] [core:notice] [pid 16636:tid 620] AH00094: Command line: 'c:\\hmis-moodle\\server\\apache\\bin\\httpd.exe -d C:/hmis-moodle/server/apache'
[Tue Jan 28 12:12:42.742003 2020] [mpm_winnt:notice] [pid 16636:tid 620] AH00418: Parent: Created child process 8420
[Tue Jan 28 12:12:43.661002 2020] [ssl:warn] [pid 8420:tid 640] AH01909: www.example.com:443:0 server certificate does NOT include an ID which matches the server name
[Tue Jan 28 12:12:43.705002 2020] [ssl:warn] [pid 8420:tid 640] AH01909: www.example.com:443:0 server certificate does NOT include an ID which matches the server name
PHP Warning:  Module 'openssl' already loaded in Unknown on line 0
[Tue Jan 28 12:12:43.731003 2020] [mpm_winnt:notice] [pid 8420:tid 640] AH00354: Child: Starting 150 worker threads.
[Tue Jan 28 12:19:11.288259 2020] [core:error] [pid 8420:tid 1928] (20024)The given path is misformatted or contained invalid characters: [client 127.0.0.1:55172] AH00127: Cannot map GET /:8080/hmis HTTP/1.1 to file, referer: http://localhost/
[Tue Jan 28 12:31:54.270401 2020] [ssl:warn] [pid 17100:tid 648] AH01909: www.example.com:443:0 server certificate does NOT include an ID which matches the server name
[Tue Jan 28 12:31:54.339402 2020] [core:warn] [pid 17100:tid 648] AH00098: pid file C:/hmis-moodle/server/apache/logs/httpd.pid overwritten -- Unclean shutdown of previous Apache run?
[Tue Jan 28 12:31:54.344402 2020] [ssl:warn] [pid 17100:tid 648] AH01909: www.example.com:443:0 server certificate does NOT include an ID which matches the server name
PHP Warning:  Module 'openssl' already loaded in Unknown on line 0
[Tue Jan 28 12:31:54.388402 2020] [mpm_winnt:notice] [pid 17100:tid 648] AH00455: Apache/2.4.41 (Win64) OpenSSL/1.1.1c PHP/7.3.11 configured -- resuming normal operations
[Tue Jan 28 12:31:54.388402 2020] [mpm_winnt:notice] [pid 17100:tid 648] AH00456: Apache Lounge VC15 Server built: Aug 11 2019 12:20:04
[Tue Jan 28 12:31:54.388402 2020] [core:notice] [pid 17100:tid 648] AH00094: Command line: 'c:\\hmis-moodle\\server\\apache\\bin\\httpd.exe -d C:/hmis-moodle/server/apache'
[Tue Jan 28 12:31:54.392402 2020] [mpm_winnt:notice] [pid 17100:tid 648] AH00418: Parent: Created child process 2904
[Tue Jan 28 12:31:55.372402 2020] [ssl:warn] [pid 2904:tid 620] AH01909: www.example.com:443:0 server certificate does NOT include an ID which matches the server name
[Tue Jan 28 12:31:55.406402 2020] [ssl:warn] [pid 2904:tid 620] AH01909: www.example.com:443:0 server certificate does NOT include an ID which matches the server name
PHP Warning:  Module 'openssl' already loaded in Unknown on line 0
[Tue Jan 28 12:31:55.432402 2020] [mpm_winnt:notice] [pid 2904:tid 620] AH00354: Child: Starting 150 worker threads.
[Tue Feb 04 10:55:48.297081 2020] [core:warn] [pid 16352:tid 528] AH00098: pid file C:/git/hmis-moodle/server/apache/logs/httpd.pid overwritten -- Unclean shutdown of previous Apache run?
PHP Warning:  Module 'openssl' already loaded in Unknown on line 0
[Tue Feb 04 10:55:48.707082 2020] [mpm_winnt:notice] [pid 16352:tid 528] AH00455: Apache/2.4.41 (Win64) OpenSSL/1.1.1c PHP/7.3.11 configured -- resuming normal operations
[Tue Feb 04 10:55:48.707082 2020] [mpm_winnt:notice] [pid 16352:tid 528] AH00456: Apache Lounge VC15 Server built: Aug 11 2019 12:20:04
[Tue Feb 04 10:55:48.707082 2020] [core:notice] [pid 16352:tid 528] AH00094: Command line: 'c:\\git\\hmis-moodle\\server\\apache\\bin\\httpd.exe -d C:/git/hmis-moodle/server/apache'
[Tue Feb 04 10:55:48.711081 2020] [mpm_winnt:notice] [pid 16352:tid 528] AH00418: Parent: Created child process 5380
PHP Warning:  Module 'openssl' already loaded in Unknown on line 0
[Tue Feb 04 10:55:49.735081 2020] [mpm_winnt:notice] [pid 5380:tid 652] AH00354: Child: Starting 150 worker threads.
